<?xml version="1.0" encoding="UTF-8"?>
<!-- Generated by org.testng.reporters.JUnitReportReporter -->
<testsuite hostname="G46CLW152ITS753" failures="0" tests="1" name="utils.DataUtils" time="0.523" errors="0" timestamp="2023-01-27T16:26:15 CST" skipped="0">
  <testcase classname="utils.DataUtils" name="testdataextraction" time="0.523"/>
  <system-out/>
</testsuite> <!-- utils.DataUtils -->
