<?xml version="1.0" encoding="UTF-8"?>
<!-- Generated by org.testng.reporters.JUnitReportReporter -->
<testsuite hostname="G46CLW152ITS753" failures="0" tests="1" name="testcases.ProductTest" time="31.859" errors="0" timestamp="2023-01-26T15:34:35 CST" skipped="0">
  <testcase classname="testcases.ProductTest" name="testSearchCourses" time="31.859"/>
  <system-out/>
</testsuite> <!-- testcases.ProductTest -->
