<?xml version="1.0" encoding="UTF-8"?>
<!-- Generated by org.testng.reporters.JUnitReportReporter -->
<testsuite hostname="G46CLW152ITS753" failures="0" tests="1" name="testcases.CheckoutTest" time="65.184" errors="0" timestamp="2023-01-30T09:37:30 CST" skipped="0">
  <testcase classname="testcases.CheckoutTest" name="checkoutPage" time="65.184"/>
  <system-out/>
</testsuite> <!-- testcases.CheckoutTest -->
